<?xml version="1.0" encoding="UTF-8"?>
<!-- Generated by org.testng.reporters.JUnitReportReporter -->
<testsuite hostname="DESKTOP-SOO4OVP" failures="0" tests="2" name="Tech.Tech_flare.FooterTest" time="17.821" errors="0" timestamp="2025-06-16T10:19:26 IST" skipped="1">
  <testcase classname="Tech.Tech_flare.FooterTest" name="refresh" time="17.821"/>
  <testcase classname="Tech.Tech_flare.FooterTest" name="testLinkedinLink">
    <skipped/>
  </testcase> <!-- testLinkedinLink -->
</testsuite> <!-- Tech.Tech_flare.FooterTest -->
